{"C:/Users/firman.andrian/Documents/CrudJs/forgot-password/backend/controllers/deleteDataRoutes.js": {"path":"C:/Users/firman.andrian/Documents/CrudJs/forgot-password/backend/controllers/deleteDataRoutes.js","statementMap":{"0":{"start":{"line":13,"column":26},"end":{"line":32,"column":3}},"1":{"start":{"line":18,"column":15},"end":{"line":18,"column":28}},"2":{"start":{"line":19,"column":4},"end":{"line":31,"column":7}},"3":{"start":{"line":21,"column":6},"end":{"line":30,"column":7}},"4":{"start":{"line":22,"column":8},"end":{"line":22,"column":25}},"5":{"start":{"line":23,"column":8},"end":{"line":23,"column":45}},"6":{"start":{"line":26,"column":8},"end":{"line":29,"column":11}}},"fnMap":{"0":{"name":"(anonymous_0)","decl":{"start":{"line":13,"column":26},"end":{"line":13,"column":27}},"loc":{"start":{"line":13,"column":40},"end":{"line":32,"column":3}}},"1":{"name":"(anonymous_1)","decl":{"start":{"line":19,"column":48},"end":{"line":19,"column":49}},"loc":{"start":{"line":19,"column":65},"end":{"line":31,"column":5}}}},"branchMap":{"0":{"loc":{"start":{"line":21,"column":6},"end":{"line":30,"column":7}},"type":"if","locations":[{"start":{"line":21,"column":6},"end":{"line":30,"column":7}},{"start":{"line":24,"column":13},"end":{"line":30,"column":7}}]}},"s":{"0":1,"1":1,"2":1,"3":1,"4":0,"5":0,"6":1},"f":{"0":1,"1":1},"b":{"0":[0,1]}}
,"C:/Users/firman.andrian/Documents/CrudJs/forgot-password/backend/controllers/getDataRoutes.js": {"path":"C:/Users/firman.andrian/Documents/CrudJs/forgot-password/backend/controllers/getDataRoutes.js","statementMap":{"0":{"start":{"line":15,"column":23},"end":{"line":31,"column":1}},"1":{"start":{"line":17,"column":2},"end":{"line":30,"column":5}},"2":{"start":{"line":18,"column":4},"end":{"line":29,"column":5}},"3":{"start":{"line":19,"column":6},"end":{"line":22,"column":9}},"4":{"start":{"line":25,"column":6},"end":{"line":28,"column":9}},"5":{"start":{"line":34,"column":20},"end":{"line":36,"column":1}},"6":{"start":{"line":35,"column":4},"end":{"line":35,"column":69}},"7":{"start":{"line":45,"column":22},"end":{"line":62,"column":3}},"8":{"start":{"line":46,"column":19},"end":{"line":46,"column":37}},"9":{"start":{"line":49,"column":4},"end":{"line":61,"column":7}},"10":{"start":{"line":50,"column":6},"end":{"line":60,"column":7}},"11":{"start":{"line":51,"column":8},"end":{"line":54,"column":11}},"12":{"start":{"line":56,"column":8},"end":{"line":59,"column":11}},"13":{"start":{"line":71,"column":28},"end":{"line":109,"column":3}},"14":{"start":{"line":72,"column":20},"end":{"line":72,"column":52}},"15":{"start":{"line":73,"column":18},"end":{"line":73,"column":20}},"16":{"start":{"line":75,"column":4},"end":{"line":108,"column":6}},"17":{"start":{"line":80,"column":8},"end":{"line":83,"column":9}},"18":{"start":{"line":81,"column":10},"end":{"line":81,"column":67}},"19":{"start":{"line":82,"column":10},"end":{"line":82,"column":74}},"20":{"start":{"line":85,"column":8},"end":{"line":106,"column":10}},"21":{"start":{"line":89,"column":12},"end":{"line":92,"column":13}},"22":{"start":{"line":90,"column":14},"end":{"line":90,"column":71}},"23":{"start":{"line":91,"column":14},"end":{"line":91,"column":78}},"24":{"start":{"line":94,"column":33},"end":{"line":94,"column":58}},"25":{"start":{"line":100,"column":12},"end":{"line":104,"column":15}}},"fnMap":{"0":{"name":"(anonymous_0)","decl":{"start":{"line":15,"column":23},"end":{"line":15,"column":24}},"loc":{"start":{"line":15,"column":37},"end":{"line":31,"column":1}}},"1":{"name":"(anonymous_1)","decl":{"start":{"line":17,"column":36},"end":{"line":17,"column":37}},"loc":{"start":{"line":17,"column":53},"end":{"line":30,"column":3}}},"2":{"name":"(anonymous_2)","decl":{"start":{"line":34,"column":20},"end":{"line":34,"column":21}},"loc":{"start":{"line":34,"column":34},"end":{"line":36,"column":1}}},"3":{"name":"(anonymous_3)","decl":{"start":{"line":45,"column":22},"end":{"line":45,"column":23}},"loc":{"start":{"line":45,"column":36},"end":{"line":62,"column":3}}},"4":{"name":"(anonymous_4)","decl":{"start":{"line":49,"column":56},"end":{"line":49,"column":57}},"loc":{"start":{"line":49,"column":73},"end":{"line":61,"column":5}}},"5":{"name":"(anonymous_5)","decl":{"start":{"line":71,"column":28},"end":{"line":71,"column":29}},"loc":{"start":{"line":71,"column":42},"end":{"line":109,"column":3}}},"6":{"name":"(anonymous_6)","decl":{"start":{"line":78,"column":6},"end":{"line":78,"column":7}},"loc":{"start":{"line":78,"column":24},"end":{"line":107,"column":7}}},"7":{"name":"(anonymous_7)","decl":{"start":{"line":87,"column":10},"end":{"line":87,"column":11}},"loc":{"start":{"line":87,"column":37},"end":{"line":105,"column":11}}}},"branchMap":{"0":{"loc":{"start":{"line":18,"column":4},"end":{"line":29,"column":5}},"type":"if","locations":[{"start":{"line":18,"column":4},"end":{"line":29,"column":5}},{"start":{"line":24,"column":11},"end":{"line":29,"column":5}}]},"1":{"loc":{"start":{"line":50,"column":6},"end":{"line":60,"column":7}},"type":"if","locations":[{"start":{"line":50,"column":6},"end":{"line":60,"column":7}},{"start":{"line":55,"column":13},"end":{"line":60,"column":7}}]},"2":{"loc":{"start":{"line":72,"column":20},"end":{"line":72,"column":52}},"type":"binary-expr","locations":[{"start":{"line":72,"column":20},"end":{"line":72,"column":47}},{"start":{"line":72,"column":51},"end":{"line":72,"column":52}}]},"3":{"loc":{"start":{"line":80,"column":8},"end":{"line":83,"column":9}},"type":"if","locations":[{"start":{"line":80,"column":8},"end":{"line":83,"column":9}},{"start":{"line":80,"column":8},"end":{"line":83,"column":9}}]},"4":{"loc":{"start":{"line":89,"column":12},"end":{"line":92,"column":13}},"type":"if","locations":[{"start":{"line":89,"column":12},"end":{"line":92,"column":13}},{"start":{"line":89,"column":12},"end":{"line":92,"column":13}}]}},"s":{"0":1,"1":1,"2":1,"3":0,"4":1,"5":1,"6":0,"7":1,"8":0,"9":0,"10":0,"11":0,"12":0,"13":1,"14":0,"15":0,"16":0,"17":0,"18":0,"19":0,"20":0,"21":0,"22":0,"23":0,"24":0,"25":0},"f":{"0":1,"1":1,"2":0,"3":0,"4":0,"5":0,"6":0,"7":0},"b":{"0":[0,1],"1":[0,0],"2":[0,0],"3":[0,0],"4":[0,0]}}
,"C:/Users/firman.andrian/Documents/CrudJs/forgot-password/backend/controllers/postDataRoutes.js": {"path":"C:/Users/firman.andrian/Documents/CrudJs/forgot-password/backend/controllers/postDataRoutes.js","statementMap":{"0":{"start":{"line":13,"column":24},"end":{"line":41,"column":3}},"1":{"start":{"line":17,"column":24},"end":{"line":17,"column":41}},"2":{"start":{"line":18,"column":24},"end":{"line":18,"column":41}},"3":{"start":{"line":19,"column":24},"end":{"line":19,"column":39}},"4":{"start":{"line":22,"column":4},"end":{"line":24,"column":5}},"5":{"start":{"line":23,"column":6},"end":{"line":23,"column":74}},"6":{"start":{"line":25,"column":4},"end":{"line":40,"column":6}},"7":{"start":{"line":29,"column":8},"end":{"line":38,"column":9}},"8":{"start":{"line":30,"column":10},"end":{"line":30,"column":27}},"9":{"start":{"line":31,"column":10},"end":{"line":31,"column":47}},"10":{"start":{"line":34,"column":10},"end":{"line":37,"column":13}},"11":{"start":{"line":51,"column":22},"end":{"line":67,"column":3}},"12":{"start":{"line":52,"column":18},"end":{"line":52,"column":35}},"13":{"start":{"line":53,"column":4},"end":{"line":55,"column":5}},"14":{"start":{"line":54,"column":6},"end":{"line":54,"column":81}},"15":{"start":{"line":58,"column":4},"end":{"line":66,"column":7}},"16":{"start":{"line":59,"column":6},"end":{"line":62,"column":7}},"17":{"start":{"line":60,"column":8},"end":{"line":60,"column":25}},"18":{"start":{"line":61,"column":8},"end":{"line":61,"column":81}},"19":{"start":{"line":64,"column":6},"end":{"line":64,"column":46}},"20":{"start":{"line":65,"column":6},"end":{"line":65,"column":81}}},"fnMap":{"0":{"name":"(anonymous_0)","decl":{"start":{"line":13,"column":24},"end":{"line":13,"column":25}},"loc":{"start":{"line":13,"column":38},"end":{"line":41,"column":3}}},"1":{"name":"(anonymous_1)","decl":{"start":{"line":28,"column":6},"end":{"line":28,"column":7}},"loc":{"start":{"line":28,"column":23},"end":{"line":39,"column":7}}},"2":{"name":"(anonymous_2)","decl":{"start":{"line":51,"column":22},"end":{"line":51,"column":23}},"loc":{"start":{"line":51,"column":36},"end":{"line":67,"column":3}}},"3":{"name":"(anonymous_3)","decl":{"start":{"line":58,"column":47},"end":{"line":58,"column":48}},"loc":{"start":{"line":58,"column":56},"end":{"line":66,"column":5}}}},"branchMap":{"0":{"loc":{"start":{"line":22,"column":4},"end":{"line":24,"column":5}},"type":"if","locations":[{"start":{"line":22,"column":4},"end":{"line":24,"column":5}},{"start":{"line":22,"column":4},"end":{"line":24,"column":5}}]},"1":{"loc":{"start":{"line":22,"column":8},"end":{"line":22,"column":41}},"type":"binary-expr","locations":[{"start":{"line":22,"column":8},"end":{"line":22,"column":17}},{"start":{"line":22,"column":21},"end":{"line":22,"column":30}},{"start":{"line":22,"column":34},"end":{"line":22,"column":41}}]},"2":{"loc":{"start":{"line":29,"column":8},"end":{"line":38,"column":9}},"type":"if","locations":[{"start":{"line":29,"column":8},"end":{"line":38,"column":9}},{"start":{"line":32,"column":15},"end":{"line":38,"column":9}}]},"3":{"loc":{"start":{"line":53,"column":4},"end":{"line":55,"column":5}},"type":"if","locations":[{"start":{"line":53,"column":4},"end":{"line":55,"column":5}},{"start":{"line":53,"column":4},"end":{"line":55,"column":5}}]},"4":{"loc":{"start":{"line":59,"column":6},"end":{"line":62,"column":7}},"type":"if","locations":[{"start":{"line":59,"column":6},"end":{"line":62,"column":7}},{"start":{"line":59,"column":6},"end":{"line":62,"column":7}}]}},"s":{"0":1,"1":2,"2":2,"3":2,"4":2,"5":1,"6":1,"7":0,"8":0,"9":0,"10":0,"11":1,"12":0,"13":0,"14":0,"15":0,"16":0,"17":0,"18":0,"19":0,"20":0},"f":{"0":2,"1":0,"2":0,"3":0},"b":{"0":[1,1],"1":[2,1,1],"2":[0,0],"3":[0,0],"4":[0,0]}}
,"C:/Users/firman.andrian/Documents/CrudJs/forgot-password/backend/controllers/updateDataRoutes.js": {"path":"C:/Users/firman.andrian/Documents/CrudJs/forgot-password/backend/controllers/updateDataRoutes.js","statementMap":{"0":{"start":{"line":13,"column":24},"end":{"line":42,"column":3}},"1":{"start":{"line":14,"column":24},"end":{"line":14,"column":37}},"2":{"start":{"line":15,"column":24},"end":{"line":15,"column":41}},"3":{"start":{"line":16,"column":24},"end":{"line":16,"column":41}},"4":{"start":{"line":17,"column":24},"end":{"line":17,"column":39}},"5":{"start":{"line":22,"column":4},"end":{"line":24,"column":5}},"6":{"start":{"line":23,"column":6},"end":{"line":23,"column":74}},"7":{"start":{"line":26,"column":4},"end":{"line":41,"column":6}},"8":{"start":{"line":30,"column":8},"end":{"line":39,"column":9}},"9":{"start":{"line":31,"column":10},"end":{"line":31,"column":27}},"10":{"start":{"line":32,"column":10},"end":{"line":32,"column":47}},"11":{"start":{"line":34,"column":10},"end":{"line":34,"column":30}},"12":{"start":{"line":35,"column":10},"end":{"line":38,"column":13}}},"fnMap":{"0":{"name":"(anonymous_0)","decl":{"start":{"line":13,"column":24},"end":{"line":13,"column":25}},"loc":{"start":{"line":13,"column":38},"end":{"line":42,"column":3}}},"1":{"name":"(anonymous_1)","decl":{"start":{"line":29,"column":6},"end":{"line":29,"column":7}},"loc":{"start":{"line":29,"column":23},"end":{"line":40,"column":7}}}},"branchMap":{"0":{"loc":{"start":{"line":22,"column":4},"end":{"line":24,"column":5}},"type":"if","locations":[{"start":{"line":22,"column":4},"end":{"line":24,"column":5}},{"start":{"line":22,"column":4},"end":{"line":24,"column":5}}]},"1":{"loc":{"start":{"line":22,"column":8},"end":{"line":22,"column":41}},"type":"binary-expr","locations":[{"start":{"line":22,"column":8},"end":{"line":22,"column":17}},{"start":{"line":22,"column":21},"end":{"line":22,"column":30}},{"start":{"line":22,"column":34},"end":{"line":22,"column":41}}]},"2":{"loc":{"start":{"line":30,"column":8},"end":{"line":39,"column":9}},"type":"if","locations":[{"start":{"line":30,"column":8},"end":{"line":39,"column":9}},{"start":{"line":33,"column":15},"end":{"line":39,"column":9}}]}},"s":{"0":1,"1":1,"2":1,"3":1,"4":1,"5":1,"6":0,"7":1,"8":1,"9":0,"10":0,"11":1,"12":1},"f":{"0":1,"1":1},"b":{"0":[0,1],"1":[1,1,1],"2":[0,1]}}
,"C:/Users/firman.andrian/Documents/CrudJs/forgot-password/backend/src/config/db.js": {"path":"C:/Users/firman.andrian/Documents/CrudJs/forgot-password/backend/src/config/db.js","statementMap":{"0":{"start":{"line":4,"column":0},"end":{"line":4,"column":16}},"1":{"start":{"line":9,"column":18},"end":{"line":14,"column":2}},"2":{"start":{"line":16,"column":0},"end":{"line":22,"column":3}},"3":{"start":{"line":17,"column":2},"end":{"line":20,"column":3}},"4":{"start":{"line":18,"column":4},"end":{"line":18,"column":57}},"5":{"start":{"line":19,"column":4},"end":{"line":19,"column":11}},"6":{"start":{"line":21,"column":2},"end":{"line":21,"column":39}}},"fnMap":{"0":{"name":"(anonymous_0)","decl":{"start":{"line":16,"column":18},"end":{"line":16,"column":19}},"loc":{"start":{"line":16,"column":27},"end":{"line":22,"column":1}}}},"branchMap":{"0":{"loc":{"start":{"line":17,"column":2},"end":{"line":20,"column":3}},"type":"if","locations":[{"start":{"line":17,"column":2},"end":{"line":20,"column":3}},{"start":{"line":17,"column":2},"end":{"line":20,"column":3}}]}},"s":{"0":4,"1":4,"2":4,"3":4,"4":0,"5":0,"6":4},"f":{"0":4},"b":{"0":[0,4]}}
}
